nobodywho/testing-apps/opencl-diagnostic/build/intermediates/manifest_merge_blame_file/debug/processDebugMainManifest/manifest-merger-blame-debug-report.txt
1<?xml version="1.0" encoding="utf-8"?>
2<manifest xmlns:android="http://schemas.android.com/apk/res/android"
3    package="ai.nobodywho.opencl" >
4
5    <uses-sdk
6        android:minSdkVersion="28"
7        android:targetSdkVersion="35" />
8
9    <application
9-->src/main/AndroidManifest.xml:2:5-4:19
10        android:debuggable="true"
11        android:extractNativeLibs="false"
12        android:label="OpenCL Loader Diagnostic" >
12-->src/main/AndroidManifest.xml:2:18-58
13        <uses-native-library
13-->src/main/AndroidManifest.xml:3:9-85
14            android:name="libOpenCL.so"
14-->src/main/AndroidManifest.xml:3:30-57
15            android:required="false" />
15-->src/main/AndroidManifest.xml:3:58-82
16    </application>
17
18</manifest>